<?xml version="1.0" encoding="UTF-8"?>
<testsuite name="test.jbehave.AcceptanceTestSuite" time="35.543" tests="11" errors="1" skipped="0" failures="3">
  <properties>
[...]
</properties>
  <testcase name="BeforeStories" classname="java.lang.Object" time="0.015"/>
  <testcase name="Given i am able to get into demoQa site" classname="test.jbehave.steps.TooltipJBehave_Steps" time="11.743"/>
  <testcase name="When I click on the tooltip button" classname="test.jbehave.steps.TooltipJBehave_Steps" time="3.172"/>
  <testcase name="Then I should be able to verify the tooltip text is&lt;text&gt;" classname="test.jbehave.steps.TooltipJBehave_Steps" time="1.826"/>
  <testcase name="Given i am able to get into demoQa site​" classname="test.jbehave.steps.TooltipJBehave_Steps" time="2.599"/>
  <testcase name="When I click on the tooltip button​" classname="test.jbehave.steps.TooltipJBehave_Steps" time="1.875"/>
  <testcase name="Then I should be able to verify the tooltip text is&lt;text&gt;​" classname="test.jbehave.steps.TooltipJBehave_Steps" time="1.982">
    <failure type="java.lang.AssertionError:"><![CDATA[java.lang.AssertionError: null
	at org.junit.Assert.fail(Assert.java:86)
	at org.junit.Assert.assertTrue(Assert.java:41)
	at org.junit.Assert.assertTrue(Assert.java:52)
	at test.jbehave.pages.TooltipPage.validateCorrectesnessOfTooltip(TooltipPage.java:27)
	at test.jbehave.steps.serenity.DemoQaProcessingSteps.verifyCorrectnessOfTooltipText(DemoQaProcessingSteps.java:68)
	at test.jbehave.steps.serenity.DemoQaProcessingSteps$$EnhancerByCGLIB$$ecf615f8.CGLIB$verifyCorrectnessOfTooltipText$8(<generated>)
	at test.jbehave.steps.serenity.DemoQaProcessingSteps$$EnhancerByCGLIB$$ecf615f8$$FastClassByCGLIB$$97ba2b36.invoke(<generated>)
	at net.sf.cglib.proxy.MethodProxy.invokeSuper(MethodProxy.java:228)
	at net.thucydides.core.steps.StepInterceptor.invokeMethod(StepInterceptor.java:369)
	at net.thucydides.core.steps.StepInterceptor.executeTestStepMethod(StepInterceptor.java:354)
	at net.thucydides.core.steps.StepInterceptor.runTestStep(StepInterceptor.java:329)
	at net.thucydides.core.steps.StepInterceptor.testStepResult(StepInterceptor.java:134)
	at net.thucydides.core.steps.StepInterceptor.intercept(StepInterceptor.java:61)
	at test.jbehave.steps.serenity.DemoQaProcessingSteps$$EnhancerByCGLIB$$ecf615f8.verifyCorrectnessOfTooltipText(<generated>)
	at test.jbehave.steps.TooltipJBehave_Steps.thenIShouldBeAbleToVerifyTheTooltipTextIstext(TooltipJBehave_Steps.java:26)
]]></failure>
    <system-out><![CDATA[Then I should be able to verify the tooltip text isThis should fail the test, just to see what happens (FAILED)
(java.lang.AssertionError)
]]></system-out>
  </testcase>
  <testcase name="Scenario: As an user I should be able click on the tooltip button under widget, and check for the tooltip text." classname="Scenario: As an user I should be able click on the tooltip button under widget, and check for the tooltip text." time="2.001">
    <failure message="scenario failed!" type="java.lang.AssertionError">java.lang.AssertionError: scenario failed!
	at de.codecentric.jbehave.junit.monitoring.JUnitScenarioReporter.afterScenario(JUnitScenarioReporter.java:218)
	at org.jbehave.core.reporters.DelegatingStoryReporter.afterScenario(DelegatingStoryReporter.java:43)
	at org.jbehave.core.reporters.ConcurrentStoryReporter.afterScenario(ConcurrentStoryReporter.java:176)
	at org.jbehave.core.embedder.PerformableTree$PerformableScenario.perform(PerformableTree.java:890)
	at org.jbehave.core.embedder.PerformableTree$PerformableStory.performScenarios(PerformableTree.java:811)
	at org.jbehave.core.embedder.PerformableTree$PerformableStory.perform(PerformableTree.java:784)
	at org.jbehave.core.embedder.PerformableTree.performCancellable(PerformableTree.java:416)
	at org.jbehave.core.embedder.PerformableTree.perform(PerformableTree.java:387)
	at org.jbehave.core.embedder.StoryManager$EnqueuedStory.call(StoryManager.java:291)
	at org.jbehave.core.embedder.StoryManager$EnqueuedStory.call(StoryManager.java:265)
	at java.util.concurrent.FutureTask.run(FutureTask.java:266)
	at java.util.concurrent.ThreadPoolExecutor.runWorker(ThreadPoolExecutor.java:1142)
	at java.util.concurrent.ThreadPoolExecutor$Worker.run(ThreadPoolExecutor.java:617)
	at java.lang.Thread.run(Thread.java:745)
</failure>
    <system-out><![CDATA[

java.lang.AssertionError
	at org.junit.Assert.fail(Assert.java:86)
	at org.junit.Assert.assertTrue(Assert.java:41)
	at org.junit.Assert.assertTrue(Assert.java:52)
	at test.jbehave.pages.TooltipPage.validateCorrectesnessOfTooltip(TooltipPage.java:27)
	at test.jbehave.steps.serenity.DemoQaProcessingSteps.verifyCorrectnessOfTooltipText(DemoQaProcessingSteps.java:68)
	at test.jbehave.steps.serenity.DemoQaProcessingSteps$$EnhancerByCGLIB$$ecf615f8.CGLIB$verifyCorrectnessOfTooltipText$8(<generated>)
	at test.jbehave.steps.serenity.DemoQaProcessingSteps$$EnhancerByCGLIB$$ecf615f8$$FastClassByCGLIB$$97ba2b36.invoke(<generated>)
	at net.sf.cglib.proxy.MethodProxy.invokeSuper(MethodProxy.java:228)
	at net.thucydides.core.steps.StepInterceptor.invokeMethod(StepInterceptor.java:369)
	at net.thucydides.core.steps.StepInterceptor.executeTestStepMethod(StepInterceptor.java:354)
	at net.thucydides.core.steps.StepInterceptor.runTestStep(StepInterceptor.java:329)
	at net.thucydides.core.steps.StepInterceptor.testStepResult(StepInterceptor.java:134)
	at net.thucydides.core.steps.StepInterceptor.intercept(StepInterceptor.java:61)
	at test.jbehave.steps.serenity.DemoQaProcessingSteps$$EnhancerByCGLIB$$ecf615f8.verifyCorrectnessOfTooltipText(<generated>)
	at test.jbehave.steps.TooltipJBehave_Steps.thenIShouldBeAbleToVerifyTheTooltipTextIstext(TooltipJBehave_Steps.java:26)
	(reflection-invoke)
	at org.jbehave.core.steps.StepCreator$ParametrisedStep.perform(StepCreator.java:599)
	at org.jbehave.core.embedder.PerformableTree$FineSoFar.run(PerformableTree.java:340)
...
]]></system-out>
  </testcase>
  <testcase name="TooltipTest.story" classname="TooltipTest.story" time="2.256">
    <failure message="story failed!" type="java.lang.AssertionError">java.lang.AssertionError: story failed!
	at de.codecentric.jbehave.junit.monitoring.JUnitScenarioReporter.afterStory(JUnitScenarioReporter.java:143)
	at org.jbehave.core.reporters.DelegatingStoryReporter.afterStory(DelegatingStoryReporter.java:49)
	at org.jbehave.core.reporters.ConcurrentStoryReporter.afterStory(ConcurrentStoryReporter.java:122)
	at org.jbehave.core.embedder.PerformableTree$PerformableStory.perform(PerformableTree.java:792)
	at org.jbehave.core.embedder.PerformableTree.performCancellable(PerformableTree.java:416)
	at org.jbehave.core.embedder.PerformableTree.perform(PerformableTree.java:387)
	at org.jbehave.core.embedder.StoryManager$EnqueuedStory.call(StoryManager.java:291)
	at org.jbehave.core.embedder.StoryManager$EnqueuedStory.call(StoryManager.java:265)
	at java.util.concurrent.FutureTask.run(FutureTask.java:266)
	at java.util.concurrent.ThreadPoolExecutor.runWorker(ThreadPoolExecutor.java:1142)
	at java.util.concurrent.ThreadPoolExecutor$Worker.run(ThreadPoolExecutor.java:617)
	at java.lang.Thread.run(Thread.java:745)
</failure>
    <system-out><![CDATA[
]]></system-out>
    <system-err><![CDATA[[pool-1-thread-1] INFO net.thucydides.core.webdriver.SystemPropertiesConfiguration - project.build.directory : null
[pool-1-thread-1] INFO net.thucydides.core.webdriver.SystemPropertiesConfiguration - project.reporting.OutputDirectory : null
[pool-1-thread-1] INFO net.thucydides.core.webdriver.SystemPropertiesConfiguration - OutputDirectory : C:\Users\BICWS037\SeleniumTraining_Java\jbehave\target\site\serenity
[pool-1-thread-1] ERROR net.serenitybdd.core.Serenity - 
           __  _____ _____ ____ _____   _____ _    ___ _     _____ ____  
  _       / / |_   _| ____/ ___|_   _| |  ___/ \  |_ _| |   | ____|  _ \ 
 (_)_____| |    | | |  _| \___ \ | |   | |_ / _ \  | || |   |  _| | | | |
  _|_____| |    | | | |___ ___) || |   |  _/ ___ \ | || |___| |___| |_| |
 (_)     | |    |_| |_____|____/ |_|   |_|/_/   \_\___|_____|_____|____/ 
          \_\                                                            

TEST FAILED: As an user I should be able click on the tooltip button under widget
and check for the tooltip text.
--------------------------------------------------------------------------
[pool-1-thread-1] ERROR net.serenitybdd.core.Serenity - TEST FAILED AT STEP Verify correctness of tooltip text: This should fail the test, just to see what happens
[pool-1-thread-1] ERROR net.serenitybdd.core.Serenity - 
]]></system-err>
  </testcase>
  <testcase name="AfterStories" classname="java.lang.Object" time="0.019"/>
  <testcase name="test.jbehave.AcceptanceTestSuite" classname="org.apache.maven.surefire.junit4.JUnit4Provider" time="8.055">
    <error message="org.jbehave.core.embedder.Embedder$RunningStoriesFailed: Failures in running stories: &#10;org.jbehave.core.embedder.PerformableTree$SomethingHappened@1bb03a93: java.lang.AssertionError" type="java.lang.RuntimeException">java.lang.RuntimeException: org.jbehave.core.embedder.Embedder$RunningStoriesFailed: Failures in running stories: 
org.jbehave.core.embedder.PerformableTree$SomethingHappened@1bb03a93: java.lang.AssertionError
	at org.jbehave.core.embedder.Embedder$ThrowingRunningStoriesFailed.handleFailures(Embedder.java:553)
	at org.jbehave.core.embedder.Embedder.handleFailures(Embedder.java:238)
	at org.jbehave.core.embedder.Embedder.runStoriesAsPaths(Embedder.java:216)
	at net.serenitybdd.jbehave.embedders.ExtendedEmbedder.runStoriesAsPaths(ExtendedEmbedder.java:60)
	at net.serenitybdd.jbehave.runners.SerenityReportingRunner.run(SerenityReportingRunner.java:175)
	at org.apache.maven.surefire.junit4.JUnit4Provider.execute(JUnit4Provider.java:283)
	at org.apache.maven.surefire.junit4.JUnit4Provider.executeWithRerun(JUnit4Provider.java:173)
	at org.apache.maven.surefire.junit4.JUnit4Provider.executeTestSet(JUnit4Provider.java:153)
	at org.apache.maven.surefire.junit4.JUnit4Provider.invoke(JUnit4Provider.java:128)
</error>
    <system-out><![CDATA[Generating reports view to 'C:\Users\BICWS037\SeleniumTraining_Java\jbehave\target\jbehave' using formats '[stats, console, html, xml, serenityreporter, junitscenarioreporter]' and view properties '{decorateNonHtml=true}'
Reports view generated with 2 stories (of which 0 pending) containing 1 scenarios (of which 0 pending)
Failures in reports view: 1 scenarios failed
]]></system-out>
  </testcase>
</testsuite>